<?xml version="1.0" encoding="UTF-8"?>
<testng-results ignored="0" total="1" passed="1" failed="0" skipped="0">
  <reporter-output>
  </reporter-output>
  <suite started-at="2022-09-20T13:55:46 IST" name="Default suite" finished-at="2022-09-20T13:56:20 IST" duration-ms="34158">
    <groups>
    </groups>
    <test started-at="2022-09-20T13:55:46 IST" name="Default test" finished-at="2022-09-20T13:56:20 IST" duration-ms="34158">
      <class name="com.fb.qa.facebookkeyworddriven.LoginTest">
        <test-method signature="loginTestWithKeywordDriven()[pri:0, instance:com.fb.qa.facebookkeyworddriven.LoginTest@5ab956d7]" started-at="2022-09-20T13:55:46 IST" name="loginTestWithKeywordDriven" finished-at="2022-09-20T13:56:19 IST" duration-ms="33653" status="PASS">
          <reporter-output>
          </reporter-output>
        </test-method> <!-- loginTestWithKeywordDriven -->
      </class> <!-- com.fb.qa.facebookkeyworddriven.LoginTest -->
    </test> <!-- Default test -->
  </suite> <!-- Default suite -->
</testng-results>
